{
  "stats": {
    "suites": 1,
    "tests": 1,
    "passes": 1,
    "pending": 0,
    "failures": 0,
    "start": "2021-02-28T13:48:22.717Z",
    "end": "2021-02-28T13:48:30.399Z",
    "duration": 7682,
    "testsRegistered": 1,
    "passPercent": 100,
    "pendingPercent": 0,
    "other": 0,
    "hasOther": false,
    "skipped": 0,
    "hasSkipped": false
  },
  "results": [
    {
      "uuid": "22b91456-9916-4938-9154-1b0b16807df4",
      "title": "",
      "fullFile": "cypress/integration/coolers_water/manual.spec.js",
      "file": "cypress/integration/coolers_water/manual.spec.js",
      "beforeHooks": [],
      "afterHooks": [],
      "tests": [],
      "suites": [
        {
          "uuid": "11cafbc4-4ad4-4dc2-bdff-0a325f5c230b",
          "title": "Blauberg",
          "fullFile": "",
          "file": "",
          "beforeHooks": [],
          "afterHooks": [],
          "tests": [
            {
              "title": "manual_selection",
              "fullTitle": "Blauberg manual_selection",
              "timedOut": null,
              "duration": 7560,
              "state": "passed",
              "speed": "slow",
              "pass": true,
              "fail": false,
              "pending": false,
              "context": null,
              "code": "cy.contains('Manual selection').should('not.be.disabled').click({\n  force: true\n});\ncy.get('#manual_calculate-submit').click({\n  force: true\n});\ncy.checkBasic();",
              "err": {},
              "uuid": "5f281bb8-3a8b-4220-ba71-75c184e2a6cb",
              "parentUUID": "11cafbc4-4ad4-4dc2-bdff-0a325f5c230b",
              "isHook": false,
              "skipped": false
            }
          ],
          "suites": [],
          "passes": [
            "5f281bb8-3a8b-4220-ba71-75c184e2a6cb"
          ],
          "failures": [],
          "pending": [],
          "skipped": [],
          "duration": 7560,
          "root": false,
          "rootEmpty": false,
          "_timeout": 2000
        }
      ],
      "passes": [],
      "failures": [],
      "pending": [],
      "skipped": [],
      "duration": 0,
      "root": true,
      "rootEmpty": true,
      "_timeout": 2000
    }
  ],
  "meta": {
    "mocha": {
      "version": "7.0.1"
    },
    "mochawesome": {
      "options": {
        "quiet": false,
        "reportFilename": "mochawesome",
        "saveHtml": false,
        "saveJson": true,
        "consoleReporter": "spec",
        "useInlineDiffs": false,
        "code": true
      },
      "version": "6.2.1"
    },
    "marge": {
      "options": {
        "reportDir": "cypress/results/development",
        "overwrite": false,
        "html": false,
        "json": true
      },
      "version": "5.1.0"
    }
  }
}