{
  "stats": {
    "suites": 1,
    "tests": 1,
    "passes": 1,
    "pending": 0,
    "failures": 0,
    "start": "2021-02-28T13:48:58.373Z",
    "end": "2021-02-28T13:49:25.122Z",
    "duration": 26749,
    "testsRegistered": 1,
    "passPercent": 100,
    "pendingPercent": 0,
    "other": 0,
    "hasOther": false,
    "skipped": 0,
    "hasSkipped": false
  },
  "results": [
    {
      "uuid": "2dfe3778-a0c7-4b71-8ac8-668bab049372",
      "title": "",
      "fullFile": "cypress/integration/fans_smoke/manual.spec.js",
      "file": "cypress/integration/fans_smoke/manual.spec.js",
      "beforeHooks": [],
      "afterHooks": [],
      "tests": [],
      "suites": [
        {
          "uuid": "0bfa5dfa-6426-46f5-a85e-c09a2f9c4005",
          "title": "Blauberg",
          "fullFile": "",
          "file": "",
          "beforeHooks": [],
          "afterHooks": [],
          "tests": [
            {
              "title": "manual_selection",
              "fullTitle": "Blauberg manual_selection",
              "timedOut": null,
              "duration": 26595,
              "state": "passed",
              "speed": "slow",
              "pass": true,
              "fail": false,
              "pending": false,
              "context": null,
              "code": "cy.contains('Manual selection').should('not.be.disabled').click({\n  force: true\n});\ncy.get('#airflow_at_operating_point').clear().type('500');\ncy.get('#static_pressure_at_operating_point').clear().type('10');\ncy.get('#manual_calculate-submit').click({\n  force: true\n});\ncy.wait(5000);\ncy.checkBasic();",
              "err": {},
              "uuid": "ca0cf176-5a38-4ed4-a34a-ee87b44e4551",
              "parentUUID": "0bfa5dfa-6426-46f5-a85e-c09a2f9c4005",
              "isHook": false,
              "skipped": false
            }
          ],
          "suites": [],
          "passes": [
            "ca0cf176-5a38-4ed4-a34a-ee87b44e4551"
          ],
          "failures": [],
          "pending": [],
          "skipped": [],
          "duration": 26595,
          "root": false,
          "rootEmpty": false,
          "_timeout": 2000
        }
      ],
      "passes": [],
      "failures": [],
      "pending": [],
      "skipped": [],
      "duration": 0,
      "root": true,
      "rootEmpty": true,
      "_timeout": 2000
    }
  ],
  "meta": {
    "mocha": {
      "version": "7.0.1"
    },
    "mochawesome": {
      "options": {
        "quiet": false,
        "reportFilename": "mochawesome",
        "saveHtml": false,
        "saveJson": true,
        "consoleReporter": "spec",
        "useInlineDiffs": false,
        "code": true
      },
      "version": "6.2.1"
    },
    "marge": {
      "options": {
        "reportDir": "cypress/results/development",
        "overwrite": false,
        "html": false,
        "json": true
      },
      "version": "5.1.0"
    }
  }
}