{
  "stats": {
    "suites": 1,
    "tests": 1,
    "passes": 1,
    "pending": 0,
    "failures": 0,
    "start": "2021-02-28T14:42:38.487Z",
    "end": "2021-02-28T14:42:44.046Z",
    "duration": 5559,
    "testsRegistered": 1,
    "passPercent": 100,
    "pendingPercent": 0,
    "other": 0,
    "hasOther": false,
    "skipped": 0,
    "hasSkipped": false
  },
  "results": [
    {
      "uuid": "690a4fa3-dd04-4b41-8afc-e7efa7bf0c68",
      "title": "",
      "fullFile": "cypress/integration/coolers_freon/manual.spec.js",
      "file": "cypress/integration/coolers_freon/manual.spec.js",
      "beforeHooks": [],
      "afterHooks": [],
      "tests": [],
      "suites": [
        {
          "uuid": "05036d81-0a88-43be-9f15-354fd3c59f2c",
          "title": "Blauberg",
          "fullFile": "",
          "file": "",
          "beforeHooks": [],
          "afterHooks": [],
          "tests": [
            {
              "title": "manual_selection",
              "fullTitle": "Blauberg manual_selection",
              "timedOut": null,
              "duration": 5460,
              "state": "passed",
              "speed": "slow",
              "pass": true,
              "fail": false,
              "pending": false,
              "context": null,
              "code": "cy.contains('Manual selection').should('not.be.disabled').click({\n  force: true\n});\ncy.get('#manual_calculate-submit').click({\n  force: true\n});\ncy.checkBasic();",
              "err": {},
              "uuid": "e7a66e5a-70f4-4ef0-b1ce-7ae1a0824f5c",
              "parentUUID": "05036d81-0a88-43be-9f15-354fd3c59f2c",
              "isHook": false,
              "skipped": false
            }
          ],
          "suites": [],
          "passes": [
            "e7a66e5a-70f4-4ef0-b1ce-7ae1a0824f5c"
          ],
          "failures": [],
          "pending": [],
          "skipped": [],
          "duration": 5460,
          "root": false,
          "rootEmpty": false,
          "_timeout": 2000
        }
      ],
      "passes": [],
      "failures": [],
      "pending": [],
      "skipped": [],
      "duration": 0,
      "root": true,
      "rootEmpty": true,
      "_timeout": 2000
    }
  ],
  "meta": {
    "mocha": {
      "version": "7.0.1"
    },
    "mochawesome": {
      "options": {
        "quiet": false,
        "reportFilename": "mochawesome",
        "saveHtml": false,
        "saveJson": true,
        "consoleReporter": "spec",
        "useInlineDiffs": false,
        "code": true
      },
      "version": "6.2.2"
    },
    "marge": {
      "options": {
        "reportDir": "cypress/results/development",
        "overwrite": false,
        "html": false,
        "json": true
      },
      "version": "5.2.0"
    }
  }
}