{
  "stats": {
    "suites": 1,
    "tests": 1,
    "passes": 1,
    "pending": 0,
    "failures": 0,
    "start": "2021-02-28T13:47:48.373Z",
    "end": "2021-02-28T13:47:57.473Z",
    "duration": 9100,
    "testsRegistered": 1,
    "passPercent": 100,
    "pendingPercent": 0,
    "other": 0,
    "hasOther": false,
    "skipped": 0,
    "hasSkipped": false
  },
  "results": [
    {
      "uuid": "aa3fa5f7-00ad-464f-baa0-eab336b014b0",
      "title": "",
      "fullFile": "cypress/integration/coolers_freon/automatic.spec.js",
      "file": "cypress/integration/coolers_freon/automatic.spec.js",
      "beforeHooks": [],
      "afterHooks": [],
      "tests": [],
      "suites": [
        {
          "uuid": "930deceb-b6c8-4b2d-9ce6-11fe8c60572e",
          "title": "Blauberg",
          "fullFile": "",
          "file": "",
          "beforeHooks": [],
          "afterHooks": [],
          "tests": [
            {
              "title": "automatic_selection",
              "fullTitle": "Blauberg automatic_selection",
              "timedOut": null,
              "duration": 8920,
              "state": "passed",
              "speed": "slow",
              "pass": true,
              "fail": false,
              "pending": false,
              "context": null,
              "code": "cy.get('#automatic_calculate-submit').click({\n  force: true\n});\ncy.checkBasic();",
              "err": {},
              "uuid": "43513915-200e-44a1-a7ac-710d33c2ce6d",
              "parentUUID": "930deceb-b6c8-4b2d-9ce6-11fe8c60572e",
              "isHook": false,
              "skipped": false
            }
          ],
          "suites": [],
          "passes": [
            "43513915-200e-44a1-a7ac-710d33c2ce6d"
          ],
          "failures": [],
          "pending": [],
          "skipped": [],
          "duration": 8920,
          "root": false,
          "rootEmpty": false,
          "_timeout": 2000
        }
      ],
      "passes": [],
      "failures": [],
      "pending": [],
      "skipped": [],
      "duration": 0,
      "root": true,
      "rootEmpty": true,
      "_timeout": 2000
    }
  ],
  "meta": {
    "mocha": {
      "version": "7.0.1"
    },
    "mochawesome": {
      "options": {
        "quiet": false,
        "reportFilename": "mochawesome",
        "saveHtml": false,
        "saveJson": true,
        "consoleReporter": "spec",
        "useInlineDiffs": false,
        "code": true
      },
      "version": "6.2.1"
    },
    "marge": {
      "options": {
        "reportDir": "cypress/results/development",
        "overwrite": false,
        "html": false,
        "json": true
      },
      "version": "5.1.0"
    }
  }
}