{
  "stats": {
    "suites": 1,
    "tests": 1,
    "passes": 0,
    "pending": 0,
    "failures": 1,
    "start": "2021-02-28T13:51:15.721Z",
    "end": "2021-02-28T13:51:24.739Z",
    "duration": 9018,
    "testsRegistered": 1,
    "passPercent": 0,
    "pendingPercent": 0,
    "other": 0,
    "hasOther": false,
    "skipped": 0,
    "hasSkipped": false
  },
  "results": [
    {
      "uuid": "0ba7da23-28d7-4089-a7f7-2dfe32fc4c57",
      "title": "",
      "fullFile": "cypress/integration/heaters_electric/manual.spec.js",
      "file": "cypress/integration/heaters_electric/manual.spec.js",
      "beforeHooks": [],
      "afterHooks": [],
      "tests": [],
      "suites": [
        {
          "uuid": "0a013a70-1025-4025-99a0-14b10bff3215",
          "title": "Blauberg",
          "fullFile": "",
          "file": "",
          "beforeHooks": [],
          "afterHooks": [],
          "tests": [
            {
              "title": "manual_selection",
              "fullTitle": "Blauberg manual_selection",
              "timedOut": null,
              "duration": 8909,
              "state": "failed",
              "speed": null,
              "pass": false,
              "fail": true,
              "pending": false,
              "context": null,
              "code": "cy.contains('Manual selection').should('not.be.disabled').click({\n  force: true\n});\ncy.get('#airflow').clear().type('50');\ncy.get('#manual_calculate-submit').click({\n  force: true\n});\ncy.checkBasic();",
              "err": {
                "message": "AssertionError: Timed out retrying: expected '<img.img-responsive>' to be 'visible'\n\nThis element `<img.img-responsive>` is not visible because it has an effective width and height of: `556 x 0` pixels.",
                "estack": "AssertionError: Timed out retrying: expected '<img.img-responsive>' to be 'visible'\n\nThis element `<img.img-responsive>` is not visible because it has an effective width and height of: `556 x 0` pixels.\n    at Context.eval (https://blaubergselector.ensocore.com/__cypress/tests?p=cypress/support/index.js:131:29)",
                "diff": null
              },
              "uuid": "c51c2b43-c7c1-41c6-a64b-4093c15c7ebb",
              "parentUUID": "0a013a70-1025-4025-99a0-14b10bff3215",
              "isHook": false,
              "skipped": false
            }
          ],
          "suites": [],
          "passes": [],
          "failures": [
            "c51c2b43-c7c1-41c6-a64b-4093c15c7ebb"
          ],
          "pending": [],
          "skipped": [],
          "duration": 8909,
          "root": false,
          "rootEmpty": false,
          "_timeout": 2000
        }
      ],
      "passes": [],
      "failures": [],
      "pending": [],
      "skipped": [],
      "duration": 0,
      "root": true,
      "rootEmpty": true,
      "_timeout": 2000
    }
  ],
  "meta": {
    "mocha": {
      "version": "7.0.1"
    },
    "mochawesome": {
      "options": {
        "quiet": false,
        "reportFilename": "mochawesome",
        "saveHtml": false,
        "saveJson": true,
        "consoleReporter": "spec",
        "useInlineDiffs": false,
        "code": true
      },
      "version": "6.2.1"
    },
    "marge": {
      "options": {
        "reportDir": "cypress/results/development",
        "overwrite": false,
        "html": false,
        "json": true
      },
      "version": "5.1.0"
    }
  }
}