{
  "stats": {
    "suites": 1,
    "tests": 1,
    "passes": 1,
    "pending": 0,
    "failures": 0,
    "start": "2021-02-14T12:30:25.071Z",
    "end": "2021-02-14T12:30:31.707Z",
    "duration": 6636,
    "testsRegistered": 1,
    "passPercent": 100,
    "pendingPercent": 0,
    "other": 0,
    "hasOther": false,
    "skipped": 0,
    "hasSkipped": false
  },
  "results": [
    {
      "uuid": "a04ffd75-dd28-4583-b048-f9fc76e3a03e",
      "title": "",
      "fullFile": "cypress/integration/coolers_freon/automatic.spec.js",
      "file": "cypress/integration/coolers_freon/automatic.spec.js",
      "beforeHooks": [],
      "afterHooks": [],
      "tests": [],
      "suites": [
        {
          "uuid": "af90cb1a-ae17-44b5-9515-9676c6e1309b",
          "title": "Blauberg",
          "fullFile": "",
          "file": "",
          "beforeHooks": [],
          "afterHooks": [],
          "tests": [
            {
              "title": "automatic_selection",
              "fullTitle": "Blauberg automatic_selection",
              "timedOut": null,
              "duration": 6578,
              "state": "passed",
              "speed": "slow",
              "pass": true,
              "fail": false,
              "pending": false,
              "context": null,
              "code": "cy.get('#automatic_calculate-submit').click({\n  force: true\n});\ncy.checkBasic();",
              "err": {},
              "uuid": "897bf7d1-08a5-48fa-963a-6861fdefa72e",
              "parentUUID": "af90cb1a-ae17-44b5-9515-9676c6e1309b",
              "isHook": false,
              "skipped": false
            }
          ],
          "suites": [],
          "passes": [
            "897bf7d1-08a5-48fa-963a-6861fdefa72e"
          ],
          "failures": [],
          "pending": [],
          "skipped": [],
          "duration": 6578,
          "root": false,
          "rootEmpty": false,
          "_timeout": 2000
        }
      ],
      "passes": [],
      "failures": [],
      "pending": [],
      "skipped": [],
      "duration": 0,
      "root": true,
      "rootEmpty": true,
      "_timeout": 2000
    }
  ],
  "meta": {
    "mocha": {
      "version": "7.0.1"
    },
    "mochawesome": {
      "options": {
        "quiet": false,
        "reportFilename": "mochawesome",
        "saveHtml": false,
        "saveJson": true,
        "consoleReporter": "spec",
        "useInlineDiffs": false,
        "code": true
      },
      "version": "6.2.1"
    },
    "marge": {
      "options": {
        "reportDir": "cypress/results/development",
        "overwrite": false,
        "html": false,
        "json": true
      },
      "version": "5.1.0"
    }
  }
}