{
  "stats": {
    "suites": 1,
    "tests": 1,
    "passes": 1,
    "pending": 0,
    "failures": 0,
    "start": "2021-02-28T13:50:59.083Z",
    "end": "2021-02-28T13:51:06.801Z",
    "duration": 7718,
    "testsRegistered": 1,
    "passPercent": 100,
    "pendingPercent": 0,
    "other": 0,
    "hasOther": false,
    "skipped": 0,
    "hasSkipped": false
  },
  "results": [
    {
      "uuid": "b5ec1ddd-bcf6-4e8c-8640-6c3bc28fcf7d",
      "title": "",
      "fullFile": "cypress/integration/heat_exchangers_rotary/manual.spec.js",
      "file": "cypress/integration/heat_exchangers_rotary/manual.spec.js",
      "beforeHooks": [],
      "afterHooks": [],
      "tests": [],
      "suites": [
        {
          "uuid": "a41b7f16-c0de-4b53-9891-cba35a3120cb",
          "title": "Blauberg",
          "fullFile": "",
          "file": "",
          "beforeHooks": [],
          "afterHooks": [],
          "tests": [
            {
              "title": "calculate_button",
              "fullTitle": "Blauberg calculate_button",
              "timedOut": null,
              "duration": 7621,
              "state": "passed",
              "speed": "slow",
              "pass": true,
              "fail": false,
              "pending": false,
              "context": null,
              "code": "cy.get('#winter_standard_airflow_supply').clear().type('1000');\ncy.get('#winter_standard_airflow_extract').clear().type('1000');\ncy.get('#submit').click({\n  force: true\n});\ncy.checkBasic();",
              "err": {},
              "uuid": "830e1c14-fd18-45aa-841b-a78f6558b645",
              "parentUUID": "a41b7f16-c0de-4b53-9891-cba35a3120cb",
              "isHook": false,
              "skipped": false
            }
          ],
          "suites": [],
          "passes": [
            "830e1c14-fd18-45aa-841b-a78f6558b645"
          ],
          "failures": [],
          "pending": [],
          "skipped": [],
          "duration": 7621,
          "root": false,
          "rootEmpty": false,
          "_timeout": 2000
        }
      ],
      "passes": [],
      "failures": [],
      "pending": [],
      "skipped": [],
      "duration": 0,
      "root": true,
      "rootEmpty": true,
      "_timeout": 2000
    }
  ],
  "meta": {
    "mocha": {
      "version": "7.0.1"
    },
    "mochawesome": {
      "options": {
        "quiet": false,
        "reportFilename": "mochawesome",
        "saveHtml": false,
        "saveJson": true,
        "consoleReporter": "spec",
        "useInlineDiffs": false,
        "code": true
      },
      "version": "6.2.1"
    },
    "marge": {
      "options": {
        "reportDir": "cypress/results/development",
        "overwrite": false,
        "html": false,
        "json": true
      },
      "version": "5.1.0"
    }
  }
}