{
  "stats": {
    "suites": 1,
    "tests": 1,
    "passes": 1,
    "pending": 0,
    "failures": 0,
    "start": "2021-02-28T13:51:41.038Z",
    "end": "2021-02-28T13:51:50.073Z",
    "duration": 9035,
    "testsRegistered": 1,
    "passPercent": 100,
    "pendingPercent": 0,
    "other": 0,
    "hasOther": false,
    "skipped": 0,
    "hasSkipped": false
  },
  "results": [
    {
      "uuid": "20a03a72-118f-4d8b-a4b0-0f2ae9ea1156",
      "title": "",
      "fullFile": "cypress/integration/nrvu_bvu/automatic.spec.js",
      "file": "cypress/integration/nrvu_bvu/automatic.spec.js",
      "beforeHooks": [],
      "afterHooks": [],
      "tests": [],
      "suites": [
        {
          "uuid": "c20ae310-6dbd-4017-8396-4981187e5b77",
          "title": "Blauberg",
          "fullFile": "",
          "file": "",
          "beforeHooks": [],
          "afterHooks": [],
          "tests": [
            {
              "title": "automatic_selection",
              "fullTitle": "Blauberg automatic_selection",
              "timedOut": null,
              "duration": 8889,
              "state": "passed",
              "speed": "slow",
              "pass": true,
              "fail": false,
              "pending": false,
              "context": null,
              "code": "cy.get('#automatic_calculate-submit').click({\n  force: true\n});\ncy.checkBasic();",
              "err": {},
              "uuid": "a3e559e9-1669-4232-a68e-9ea9d984c1b8",
              "parentUUID": "c20ae310-6dbd-4017-8396-4981187e5b77",
              "isHook": false,
              "skipped": false
            }
          ],
          "suites": [],
          "passes": [
            "a3e559e9-1669-4232-a68e-9ea9d984c1b8"
          ],
          "failures": [],
          "pending": [],
          "skipped": [],
          "duration": 8889,
          "root": false,
          "rootEmpty": false,
          "_timeout": 2000
        }
      ],
      "passes": [],
      "failures": [],
      "pending": [],
      "skipped": [],
      "duration": 0,
      "root": true,
      "rootEmpty": true,
      "_timeout": 2000
    }
  ],
  "meta": {
    "mocha": {
      "version": "7.0.1"
    },
    "mochawesome": {
      "options": {
        "quiet": false,
        "reportFilename": "mochawesome",
        "saveHtml": false,
        "saveJson": true,
        "consoleReporter": "spec",
        "useInlineDiffs": false,
        "code": true
      },
      "version": "6.2.1"
    },
    "marge": {
      "options": {
        "reportDir": "cypress/results/development",
        "overwrite": false,
        "html": false,
        "json": true
      },
      "version": "5.1.0"
    }
  }
}