{
  "stats": {
    "suites": 1,
    "tests": 1,
    "passes": 1,
    "pending": 0,
    "failures": 0,
    "start": "2021-02-28T13:50:50.314Z",
    "end": "2021-02-28T13:50:57.296Z",
    "duration": 6982,
    "testsRegistered": 1,
    "passPercent": 100,
    "pendingPercent": 0,
    "other": 0,
    "hasOther": false,
    "skipped": 0,
    "hasSkipped": false
  },
  "results": [
    {
      "uuid": "b0fecea3-d06d-4630-a90b-92bda85082cc",
      "title": "",
      "fullFile": "cypress/integration/heat_exchangers_crossflow/manual.spec.js",
      "file": "cypress/integration/heat_exchangers_crossflow/manual.spec.js",
      "beforeHooks": [],
      "afterHooks": [],
      "tests": [],
      "suites": [
        {
          "uuid": "3a9f4715-cc2a-422f-8548-cc0ea69b7152",
          "title": "Blauberg",
          "fullFile": "",
          "file": "",
          "beforeHooks": [],
          "afterHooks": [],
          "tests": [
            {
              "title": "calculate_button",
              "fullTitle": "Blauberg calculate_button",
              "timedOut": null,
              "duration": 6870,
              "state": "passed",
              "speed": "slow",
              "pass": true,
              "fail": false,
              "pending": false,
              "context": null,
              "code": "cy.get('#submit').click({\n  force: true\n});\ncy.checkBasic();",
              "err": {},
              "uuid": "4f9d4d92-bc44-4573-82a7-313d837948ea",
              "parentUUID": "3a9f4715-cc2a-422f-8548-cc0ea69b7152",
              "isHook": false,
              "skipped": false
            }
          ],
          "suites": [],
          "passes": [
            "4f9d4d92-bc44-4573-82a7-313d837948ea"
          ],
          "failures": [],
          "pending": [],
          "skipped": [],
          "duration": 6870,
          "root": false,
          "rootEmpty": false,
          "_timeout": 2000
        }
      ],
      "passes": [],
      "failures": [],
      "pending": [],
      "skipped": [],
      "duration": 0,
      "root": true,
      "rootEmpty": true,
      "_timeout": 2000
    }
  ],
  "meta": {
    "mocha": {
      "version": "7.0.1"
    },
    "mochawesome": {
      "options": {
        "quiet": false,
        "reportFilename": "mochawesome",
        "saveHtml": false,
        "saveJson": true,
        "consoleReporter": "spec",
        "useInlineDiffs": false,
        "code": true
      },
      "version": "6.2.1"
    },
    "marge": {
      "options": {
        "reportDir": "cypress/results/development",
        "overwrite": false,
        "html": false,
        "json": true
      },
      "version": "5.1.0"
    }
  }
}