{
  "stats": {
    "suites": 1,
    "tests": 1,
    "passes": 1,
    "pending": 0,
    "failures": 0,
    "start": "2021-02-28T13:50:40.398Z",
    "end": "2021-02-28T13:50:48.404Z",
    "duration": 8006,
    "testsRegistered": 1,
    "passPercent": 100,
    "pendingPercent": 0,
    "other": 0,
    "hasOther": false,
    "skipped": 0,
    "hasSkipped": false
  },
  "results": [
    {
      "uuid": "2d4d6dc6-616b-47b8-9014-0f6f6355b369",
      "title": "",
      "fullFile": "cypress/integration/heat_exchangers_counterflow/manual.spec.js",
      "file": "cypress/integration/heat_exchangers_counterflow/manual.spec.js",
      "beforeHooks": [],
      "afterHooks": [],
      "tests": [],
      "suites": [
        {
          "uuid": "75847c82-8b2e-41cf-a9f3-7394a6548958",
          "title": "Blauberg",
          "fullFile": "",
          "file": "",
          "beforeHooks": [],
          "afterHooks": [],
          "tests": [
            {
              "title": "calculate_button",
              "fullTitle": "Blauberg calculate_button",
              "timedOut": null,
              "duration": 7919,
              "state": "passed",
              "speed": "slow",
              "pass": true,
              "fail": false,
              "pending": false,
              "context": null,
              "code": "cy.get('#submit').click({\n  force: true\n});\ncy.checkBasic();",
              "err": {},
              "uuid": "83b31ca6-6634-485d-b979-023031980a92",
              "parentUUID": "75847c82-8b2e-41cf-a9f3-7394a6548958",
              "isHook": false,
              "skipped": false
            }
          ],
          "suites": [],
          "passes": [
            "83b31ca6-6634-485d-b979-023031980a92"
          ],
          "failures": [],
          "pending": [],
          "skipped": [],
          "duration": 7919,
          "root": false,
          "rootEmpty": false,
          "_timeout": 2000
        }
      ],
      "passes": [],
      "failures": [],
      "pending": [],
      "skipped": [],
      "duration": 0,
      "root": true,
      "rootEmpty": true,
      "_timeout": 2000
    }
  ],
  "meta": {
    "mocha": {
      "version": "7.0.1"
    },
    "mochawesome": {
      "options": {
        "quiet": false,
        "reportFilename": "mochawesome",
        "saveHtml": false,
        "saveJson": true,
        "consoleReporter": "spec",
        "useInlineDiffs": false,
        "code": true
      },
      "version": "6.2.1"
    },
    "marge": {
      "options": {
        "reportDir": "cypress/results/development",
        "overwrite": false,
        "html": false,
        "json": true
      },
      "version": "5.1.0"
    }
  }
}