{
  "stats": {
    "suites": 3,
    "tests": 3,
    "passes": 3,
    "pending": 0,
    "failures": 0,
    "start": "2020-11-29T18:56:44.034Z",
    "end": "2020-11-29T18:58:41.309Z",
    "duration": 23761,
    "testsRegistered": 3,
    "passPercent": 100,
    "pendingPercent": 0,
    "other": 0,
    "hasOther": false,
    "skipped": 0,
    "hasSkipped": false
  },
  "results": [
    {
      "uuid": "fe4ca440-982c-40f6-8f28-1d5711a484d8",
      "title": "",
      "fullFile": "cypress/integration/coolers_water/automatic.spec.js",
      "file": "cypress/integration/coolers_water/automatic.spec.js",
      "beforeHooks": [],
      "afterHooks": [],
      "tests": [],
      "suites": [
        {
          "uuid": "58284090-a1cc-48d4-acce-bed22bd0fbe6",
          "title": "Blauberg",
          "fullFile": "",
          "file": "",
          "beforeHooks": [],
          "afterHooks": [],
          "tests": [
            {
              "title": "Automatic selection button",
              "fullTitle": "Blauberg Automatic selection button",
              "timedOut": null,
              "duration": 8093,
              "state": "passed",
              "speed": "slow",
              "pass": true,
              "fail": false,
              "pending": false,
              "context": null,
              "code": "cy.get('#automatic_calculate-submit').click({\n  force: true\n});\ncy.get('div[class=\"col-md-5 text-center product-image\"]').find('img').should('be.visible');\ncy.get('div[class=\"product-title\"]').find('h2').should('be.visible');\ncy.get('div[class=\"product-description\"]').find('p').should('be.visible');\ncy.get('div[class=\"row selector-data-tables\"]').find('table').should('be.visible');\ncy.contains('Save as').click().get('#modal-auth').should('be.visible');\ncy.checkPdf();",
              "err": {},
              "uuid": "0a418fcb-8114-4b2a-b0e1-d85102ec148e",
              "parentUUID": "58284090-a1cc-48d4-acce-bed22bd0fbe6",
              "isHook": false,
              "skipped": false
            }
          ],
          "suites": [],
          "passes": [
            "0a418fcb-8114-4b2a-b0e1-d85102ec148e"
          ],
          "failures": [],
          "pending": [],
          "skipped": [],
          "duration": 8093,
          "root": false,
          "rootEmpty": false,
          "_timeout": 2000
        }
      ],
      "passes": [],
      "failures": [],
      "pending": [],
      "skipped": [],
      "duration": 0,
      "root": true,
      "rootEmpty": true,
      "_timeout": 2000
    },
    {
      "uuid": "a528f1ae-1114-43f5-9c16-c50db3e23d3c",
      "title": "",
      "fullFile": "cypress/integration/coolers_water/manual.spec.js",
      "file": "cypress/integration/coolers_water/manual.spec.js",
      "beforeHooks": [],
      "afterHooks": [],
      "tests": [],
      "suites": [
        {
          "uuid": "89185b86-8d4b-4d0f-baf2-a1590c7cf9f5",
          "title": "Blauberg",
          "fullFile": "",
          "file": "",
          "beforeHooks": [],
          "afterHooks": [],
          "tests": [
            {
              "title": "Manual selection button",
              "fullTitle": "Blauberg Manual selection button",
              "timedOut": null,
              "duration": 8639,
              "state": "passed",
              "speed": "slow",
              "pass": true,
              "fail": false,
              "pending": false,
              "context": null,
              "code": "cy.contains('Manual selection').should('not.be.disabled').click({\n  force: true\n});\ncy.get('#manual_calculate-submit').click({\n  force: true\n});\ncy.get('div[class=\"col-md-5 text-center product-image\"]').find('img').should('be.visible');\ncy.get('div[class=\"product-title\"]').find('h2').should('be.visible'); // cy.get('div[class=\"product-description\"]').find('p').should('be.visible')\ncy.get('div[class=\"row selector-data-tables\"]').find('table').should('be.visible');\ncy.contains('Save as').click().get('#modal-auth').should('be.visible');\ncy.checkPdf();",
              "err": {},
              "uuid": "ec17d62a-a3c5-4c59-a95e-32e45afe7faa",
              "parentUUID": "89185b86-8d4b-4d0f-baf2-a1590c7cf9f5",
              "isHook": false,
              "skipped": false
            }
          ],
          "suites": [],
          "passes": [
            "ec17d62a-a3c5-4c59-a95e-32e45afe7faa"
          ],
          "failures": [],
          "pending": [],
          "skipped": [],
          "duration": 8639,
          "root": false,
          "rootEmpty": false,
          "_timeout": 2000
        }
      ],
      "passes": [],
      "failures": [],
      "pending": [],
      "skipped": [],
      "duration": 0,
      "root": true,
      "rootEmpty": true,
      "_timeout": 2000
    },
    {
      "uuid": "b07343ca-af2d-4355-ab0b-e9923ecc140e",
      "title": "",
      "fullFile": "cypress/integration/coolers_water/manual.spec.js",
      "file": "cypress/integration/coolers_water/manual.spec.js",
      "beforeHooks": [],
      "afterHooks": [],
      "tests": [],
      "suites": [
        {
          "uuid": "e525a616-e8be-4bd4-8eee-ebf991a4603b",
          "title": "Blauberg",
          "fullFile": "",
          "file": "",
          "beforeHooks": [],
          "afterHooks": [],
          "tests": [
            {
              "title": "Manual selection button",
              "fullTitle": "Blauberg Manual selection button",
              "timedOut": null,
              "duration": 7029,
              "state": "passed",
              "speed": "slow",
              "pass": true,
              "fail": false,
              "pending": false,
              "context": null,
              "code": "cy.contains('Manual selection').should('not.be.disabled').click({\n  force: true\n});\ncy.get('#manual_calculate-submit').click({\n  force: true\n});\ncy.get('div[class=\"col-md-5 text-center product-image\"]').find('img').should('be.visible');\ncy.get('div[class=\"product-title\"]').find('h2').should('be.visible'); // cy.get('div[class=\"product-description\"]').find('p').should('be.visible')\ncy.get('div[class=\"row selector-data-tables\"]').find('table').should('be.visible');\ncy.contains('Save as').click().get('#modal-auth').should('be.visible');\ncy.checkPdf();",
              "err": {},
              "uuid": "c99f1137-bd5d-415b-bd6c-63cf380c51b4",
              "parentUUID": "e525a616-e8be-4bd4-8eee-ebf991a4603b",
              "isHook": false,
              "skipped": false
            }
          ],
          "suites": [],
          "passes": [
            "c99f1137-bd5d-415b-bd6c-63cf380c51b4"
          ],
          "failures": [],
          "pending": [],
          "skipped": [],
          "duration": 7029,
          "root": false,
          "rootEmpty": false,
          "_timeout": 2000
        }
      ],
      "passes": [],
      "failures": [],
      "pending": [],
      "skipped": [],
      "duration": 0,
      "root": true,
      "rootEmpty": true,
      "_timeout": 2000
    }
  ],
  "meta": {
    "mocha": {
      "version": "7.0.1"
    },
    "mochawesome": {
      "options": {
        "quiet": false,
        "reportFilename": "mochawesome",
        "saveHtml": true,
        "saveJson": true,
        "consoleReporter": "spec",
        "useInlineDiffs": false,
        "code": true
      },
      "version": "6.2.1"
    },
    "marge": {
      "options": {
        "reportDir": "cypress/results",
        "overwrite": false,
        "html": true,
        "json": true
      },
      "version": "5.1.0"
    }
  }
}